<?xml version="1.0" encoding="UTF-8"?>
<!-- Generated by org.testng.reporters.JUnitReportReporter -->
<testsuite hostname="ALTRAVIOENGINE" failures="0" tests="1" name="com.qa.testscripts.class3" time="0.001" errors="0" timestamp="2025-01-01T12:51:36 IST" skipped="0">
  <testcase classname="com.qa.testscripts.class3" name="main" time="0.001"/>
  <system-out/>
</testsuite> <!-- com.qa.testscripts.class3 -->
